<?xml version="1.0" encoding="UTF-8"?>
<!-- Generated by org.testng.reporters.JUnitReportReporter -->
<testsuite hostname="LAPTOP-42B328LA" name="portfolio.ValidateNavigationBar" tests="1" failures="0" timestamp="14 Feb 2020 03:52:43 GMT" time="2.914" errors="0">
  <testcase name="validateNavigationBar" time="2.914" classname="portfolio.ValidateNavigationBar"/>
</testsuite> <!-- portfolio.ValidateNavigationBar -->
