<?xml version="1.0" encoding="UTF-8"?>
<!-- Generated by org.testng.reporters.JUnitReportReporter -->
<testsuite hostname="LAPTOP-42B328LA" name="portfolio.SignProcess" tests="2" failures="0" timestamp="14 Feb 2020 03:55:16 GMT" time="3.315" errors="0">
  <testcase name="basePageNavigation" time="1.961" classname="portfolio.SignProcess"/>
  <testcase name="basePageNavigation" time="1.354" classname="portfolio.SignProcess"/>
</testsuite> <!-- portfolio.SignProcess -->
