<?xml version="1.0" encoding="UTF-8"?>
<!-- Generated by org.testng.reporters.JUnitReportReporter -->
<testsuite hostname="LAPTOP-42B328LA" name="portfolio.LandingPageText" tests="1" failures="0" timestamp="14 Feb 2020 03:50:54 GMT" time="0.033" errors="0">
  <testcase name="inspectLandingPage" time="0.033" classname="portfolio.LandingPageText"/>
</testsuite> <!-- portfolio.LandingPageText -->
